0 info it worked if it ends with ok
1 verbose cli [ 'C:\\Program Files\\nodejs\\node.exe',
1 verbose cli   'C:\\Program Files\\nodejs\\node_modules\\npm\\bin\\npm-cli.js',
1 verbose cli   'run',
1 verbose cli   'start' ]
2 info using npm@3.10.10
3 info using node@v6.14.0
4 verbose run-script [ 'prestart', 'start', 'poststart' ]
5 info lifecycle 04-react@0.1.0~prestart: 04-react@0.1.0
6 silly lifecycle 04-react@0.1.0~prestart: no script for prestart, continuing
7 info lifecycle 04-react@0.1.0~start: 04-react@0.1.0
8 verbose lifecycle 04-react@0.1.0~start: unsafe-perm in lifecycle true
9 verbose lifecycle 04-react@0.1.0~start: PATH: C:\Users\Administrator\AppData\Roaming\nvm\v6.14.0\node_modules\npm\bin\node-gyp-bin;D:\study\good-good-study\kaikeba\04-react\node_modules\.bin;D:\software\xftp\;C:\WINDOWS\system32;C:\WINDOWS;C:\WINDOWS\System32\Wbem;C:\WINDOWS\System32\WindowsPowerShell\v1.0\;C:\WINDOWS\System32\OpenSSH\;C:\Program Files\Git\cmd;C:\Go\bin;C:\Program Files\MongoDB\Server\4.0\bin;C:\Users\Administrator\AppData\Roaming\nvm;C:\Program Files\nodejs;C:\Program Files\Java\jdk-14.0.1\bin;C:\Users\Administrator\AppData\Local\Microsoft\WindowsApps;C:\Program Files\Microsoft VS Code\bin;C:\Users\Administrator\go\bin;C:\Users\Administrator\AppData\Roaming\nvm;C:\Program Files\nodejs;C:\Users\Administrator\AppData\Local\GitHubDesktop\bin
10 verbose lifecycle 04-react@0.1.0~start: CWD: D:\study\good-good-study\kaikeba\04-react
11 silly lifecycle 04-react@0.1.0~start: Args: [ '/d /s /c', 'react-scripts start' ]
12 silly lifecycle 04-react@0.1.0~start: Returned: code: 1  signal: null
13 info lifecycle 04-react@0.1.0~start: Failed to exec start script
14 verbose stack Error: 04-react@0.1.0 start: `react-scripts start`
14 verbose stack Exit status 1
14 verbose stack     at EventEmitter.<anonymous> (C:\Users\Administrator\AppData\Roaming\nvm\v6.14.0\node_modules\npm\lib\utils\lifecycle.js:255:16)
14 verbose stack     at emitTwo (events.js:106:13)
14 verbose stack     at EventEmitter.emit (events.js:191:7)
14 verbose stack     at ChildProcess.<anonymous> (C:\Users\Administrator\AppData\Roaming\nvm\v6.14.0\node_modules\npm\lib\utils\spawn.js:40:14)
14 verbose stack     at emitTwo (events.js:106:13)
14 verbose stack     at ChildProcess.emit (events.js:191:7)
14 verbose stack     at maybeClose (internal/child_process.js:920:16)
14 verbose stack     at Process.ChildProcess._handle.onexit (internal/child_process.js:230:5)
15 verbose pkgid 04-react@0.1.0
16 verbose cwd D:\study\good-good-study\kaikeba\04-react
17 error Windows_NT 10.0.17134
18 error argv "C:\\Program Files\\nodejs\\node.exe" "C:\\Program Files\\nodejs\\node_modules\\npm\\bin\\npm-cli.js" "run" "start"
19 error node v6.14.0
20 error npm  v3.10.10
21 error code ELIFECYCLE
22 error 04-react@0.1.0 start: `react-scripts start`
22 error Exit status 1
23 error Failed at the 04-react@0.1.0 start script 'react-scripts start'.
23 error Make sure you have the latest version of node.js and npm installed.
23 error If you do, this is most likely a problem with the 04-react package,
23 error not with npm itself.
23 error Tell the author that this fails on your system:
23 error     react-scripts start
23 error You can get information on how to open an issue for this project with:
23 error     npm bugs 04-react
23 error Or if that isn't available, you can get their info via:
23 error     npm owner ls 04-react
23 error There is likely additional logging output above.
24 verbose exit [ 1, true ]
